<?xml version="1.0" encoding="UTF-8"?>
<!-- Generated by org.testng.reporters.JUnitReportReporter -->
<testsuite skipped="0" hostname="LAPTOP-5FDQPO6H" name="Jenkins.com.jenkins.AppTest" tests="1" failures="0" timestamp="09 Sep 2018 06:47:41 GMT" time="0.004" errors="0">
  <testcase name="testApp" time="0.004" classname="Jenkins.com.jenkins.AppTest"/>
</testsuite> <!-- Jenkins.com.jenkins.AppTest -->
